<?xml version="1.0" encoding="UTF-8"?>
<!-- Generated by org.testng.reporters.JUnitReportReporter -->
<testsuite hostname="Y-ash" failures="0" tests="1" name="testcases.LogInPage" time="0.669" errors="0" timestamp="2023-01-05T14:42:25 IST" skipped="0">
  <testcase classname="testcases.LogInPage" name="login" time="0.669"/>
  <system-out/>
</testsuite> <!-- testcases.LogInPage -->
